<?xml version="1.0" encoding="UTF-8"?>
<testsuites tests="5" failures="0" disabled="0" errors="0" time="0.001" timestamp="2025-10-22T22:59:48.224" name="AllTests">
  <testsuite name="RectangleConstructors" tests="4" failures="0" disabled="0" skipped="0" errors="0" time="0." timestamp="2025-10-22T22:59:48.224">
    <testcase name="ThrowsOnNonPositiveDimensions" file="/home/jflavio/Programas/VoronoiMeshMaker/tests/Boundary2D/Shapes/Rectangle/ut_Rectangle.cpp" line="42" status="run" result="completed" time="0." timestamp="2025-10-22T22:59:48.224" classname="RectangleConstructors" />
    <testcase name="DefaultAnchoredAtOrigin" file="/home/jflavio/Programas/VoronoiMeshMaker/tests/Boundary2D/Shapes/Rectangle/ut_Rectangle.cpp" line="64" status="run" result="completed" time="0." timestamp="2025-10-22T22:59:48.225" classname="RectangleConstructors" />
    <testcase name="UserDefinedAnchor" file="/home/jflavio/Programas/VoronoiMeshMaker/tests/Boundary2D/Shapes/Rectangle/ut_Rectangle.cpp" line="77" status="run" result="completed" time="0." timestamp="2025-10-22T22:59:48.225" classname="RectangleConstructors" />
    <testcase name="CenteredAtOrigin" file="/home/jflavio/Programas/VoronoiMeshMaker/tests/Boundary2D/Shapes/Rectangle/ut_Rectangle.cpp" line="89" status="run" result="completed" time="0." timestamp="2025-10-22T22:59:48.225" classname="RectangleConstructors" />
  </testsuite>
  <testsuite name="RectangleMethods" tests="1" failures="0" disabled="0" skipped="0" errors="0" time="0." timestamp="2025-10-22T22:59:48.225">
    <testcase name="PolygonizeInto" file="/home/jflavio/Programas/VoronoiMeshMaker/tests/Boundary2D/Shapes/Rectangle/ut_Rectangle.cpp" line="104" status="run" result="completed" time="0." timestamp="2025-10-22T22:59:48.225" classname="RectangleMethods" />
  </testsuite>
</testsuites>
